android/app/build/intermediates/manifest_merge_blame_file/debug/manifest-merger-blame-debug-report.txt
1<?xml version="1.0" encoding="utf-8"?>
2<manifest xmlns:android="http://schemas.android.com/apk/res/android"
3    package="com.whizzard"
4    android:versionCode="1"
5    android:versionName="1.0" >
6
7    <uses-sdk
8        android:minSdkVersion="21"
9        android:targetSdkVersion="30" />
10
11    <uses-permission android:name="android.permission.SYSTEM_ALERT_WINDOW" />
11-->src/debug/AndroidManifest.xml:5:5-77
11-->src/debug/AndroidManifest.xml:5:22-75
12    <uses-permission android:name="android.permission.INTERNET" />
12-->src/main/AndroidManifest.xml:4:5-67
12-->src/main/AndroidManifest.xml:4:22-64
13    <uses-permission android:name="android.permission.CAMERA" />
13-->src/main/AndroidManifest.xml:5:5-65
13-->src/main/AndroidManifest.xml:5:22-62
14    <uses-permission android:name="android.permission.RECORD_AUDIO" />
14-->src/main/AndroidManifest.xml:6:5-70
14-->src/main/AndroidManifest.xml:6:22-68
15    <uses-permission android:name="android.permission.READ_EXTERNAL_STORAGE" />
15-->src/main/AndroidManifest.xml:7:5-80
15-->src/main/AndroidManifest.xml:7:22-77
16    <uses-permission android:name="android.permission.WRITE_EXTERNAL_STORAGE" />
16-->src/main/AndroidManifest.xml:8:5-81
16-->src/main/AndroidManifest.xml:8:22-78
17    <uses-permission android:name="android.permission.DOWNLOAD_WITHOUT_NOTIFICATION" />
17-->src/main/AndroidManifest.xml:9:5-88
17-->src/main/AndroidManifest.xml:9:22-85
18    <uses-permission android:name="android.permission.ACCESS_NETWORK_STATE" />
18-->src/main/AndroidManifest.xml:10:5-79
18-->src/main/AndroidManifest.xml:10:22-76
19    <uses-permission android:name="android.permission.ACCESS_WIFI_STATE" />
19-->[com.facebook.flipper:flipper:0.99.0] AndroidManifest.xml:16:5-76
19-->[com.facebook.flipper:flipper:0.99.0] AndroidManifest.xml:16:22-73
20
21    <uses-feature
21-->[:react-native-camera] AndroidManifest.xml:11:5-13:36
22        android:name="android.hardware.camera"
22-->[:react-native-camera] AndroidManifest.xml:12:9-47
23        android:required="false" />
23-->[:react-native-camera] AndroidManifest.xml:13:9-33
24    <uses-feature
24-->[:react-native-camera] AndroidManifest.xml:14:5-16:36
25        android:name="android.hardware.camera.autofocus"
25-->[:react-native-camera] AndroidManifest.xml:15:9-57
26        android:required="false" />
26-->[:react-native-camera] AndroidManifest.xml:16:9-33
27
28    <uses-permission android:name="android.permission.ACCESS_COARSE_LOCATION" />
28-->[:react-native-geolocation-service] AndroidManifest.xml:11:5-81
28-->[:react-native-geolocation-service] AndroidManifest.xml:11:22-78
29    <uses-permission android:name="android.permission.ACCESS_FINE_LOCATION" /> <!-- Required to access Google Play Licensing -->
29-->[:react-native-geolocation-service] AndroidManifest.xml:12:5-79
29-->[:react-native-geolocation-service] AndroidManifest.xml:12:22-76
30    <uses-permission android:name="com.android.vending.CHECK_LICENSE" />
30-->[:rn-fetch-blob] AndroidManifest.xml:10:5-73
30-->[:rn-fetch-blob] AndroidManifest.xml:10:22-70
31    <!--
32         Required to keep CPU alive while downloading files
33        (NOT to keep screen awake)
34    -->
35    <uses-permission android:name="android.permission.WAKE_LOCK" /> <!-- Required by older versions of Google Play services to create IID tokens -->
35-->[:rn-fetch-blob] AndroidManifest.xml:19:5-68
35-->[:rn-fetch-blob] AndroidManifest.xml:19:22-65
36    <uses-permission android:name="com.google.android.c2dm.permission.RECEIVE" />
36-->[com.google.android.gms:play-services-iid:17.0.0] AndroidManifest.xml:23:5-82
36-->[com.google.android.gms:play-services-iid:17.0.0] AndroidManifest.xml:23:22-79
37    <uses-permission android:name="com.google.android.finsky.permission.BIND_GET_INSTALL_REFERRER_SERVICE" />
37-->[com.android.installreferrer:installreferrer:1.1.2] AndroidManifest.xml:9:5-110
37-->[com.android.installreferrer:installreferrer:1.1.2] AndroidManifest.xml:9:22-107
38
39    <application
39-->src/main/AndroidManifest.xml:13:5-32:19
40        android:name="com.whizzard.MainApplication"
40-->src/main/AndroidManifest.xml:14:7-38
41        android:allowBackup="false"
41-->src/main/AndroidManifest.xml:18:7-34
42        android:appComponentFactory="androidx.core.app.CoreComponentFactory"
42-->[androidx.core:core:1.6.0] AndroidManifest.xml:24:18-86
43        android:debuggable="true"
44        android:icon="@mipmap/ic_launcher"
44-->src/main/AndroidManifest.xml:16:7-41
45        android:label="@string/app_name"
45-->src/main/AndroidManifest.xml:15:7-39
46        android:roundIcon="@mipmap/ic_launcher_round"
46-->src/main/AndroidManifest.xml:17:7-52
47        android:testOnly="true"
48        android:theme="@style/AppTheme"
48-->src/main/AndroidManifest.xml:19:7-38
49        android:usesCleartextTraffic="true" >
49-->src/debug/AndroidManifest.xml:8:9-44
50        <activity android:name="com.facebook.react.devsupport.DevSettingsActivity" />
50-->src/debug/AndroidManifest.xml:11:9-86
50-->src/debug/AndroidManifest.xml:11:19-83
51        <activity
51-->src/main/AndroidManifest.xml:20:7-31:18
52            android:name="com.whizzard.MainActivity"
52-->src/main/AndroidManifest.xml:21:9-37
53            android:configChanges="keyboard|keyboardHidden|orientation|screenSize|uiMode"
53-->src/main/AndroidManifest.xml:23:9-86
54            android:label="@string/app_name"
54-->src/main/AndroidManifest.xml:22:9-41
55            android:launchMode="singleTask"
55-->src/main/AndroidManifest.xml:24:9-40
56            android:windowSoftInputMode="adjustResize" >
56-->src/main/AndroidManifest.xml:25:9-51
57            <intent-filter>
57-->src/main/AndroidManifest.xml:26:9-30:25
58                <action android:name="android.intent.action.MAIN" />
58-->src/main/AndroidManifest.xml:27:13-65
58-->src/main/AndroidManifest.xml:27:21-62
59
60                <category android:name="android.intent.category.LAUNCHER" />
60-->src/main/AndroidManifest.xml:28:13-73
60-->src/main/AndroidManifest.xml:28:23-70
61
62                <action android:name="android.intent.action.DOWNLOAD_COMPLETE" />
62-->src/main/AndroidManifest.xml:29:13-77
62-->src/main/AndroidManifest.xml:29:21-75
63            </intent-filter>
64        </activity>
65
66        <receiver
66-->[:react-native-device-info] AndroidManifest.xml:11:9-19:20
67            android:name="com.learnium.RNDeviceInfo.RNDeviceReceiver"
67-->[:react-native-device-info] AndroidManifest.xml:12:13-70
68            android:enabled="true"
68-->[:react-native-device-info] AndroidManifest.xml:13:13-35
69            android:exported="true" >
69-->[:react-native-device-info] AndroidManifest.xml:14:13-36
70            <intent-filter>
70-->[:react-native-device-info] AndroidManifest.xml:16:13-18:29
71                <action android:name="com.android.vending.INSTALL_REFERRER" />
71-->[:react-native-device-info] AndroidManifest.xml:17:17-79
71-->[:react-native-device-info] AndroidManifest.xml:17:25-76
72            </intent-filter>
73        </receiver>
74
75        <provider
75-->[:react-native-image-crop-picker] AndroidManifest.xml:12:9-20:20
76            android:name="androidx.core.content.FileProvider"
76-->[:react-native-image-crop-picker] AndroidManifest.xml:13:13-62
77            android:authorities="com.whizzard.provider"
77-->[:react-native-image-crop-picker] AndroidManifest.xml:14:13-60
78            android:exported="false"
78-->[:react-native-image-crop-picker] AndroidManifest.xml:15:13-37
79            android:grantUriPermissions="true" >
79-->[:react-native-image-crop-picker] AndroidManifest.xml:16:13-47
80            <meta-data
80-->[:react-native-image-crop-picker] AndroidManifest.xml:17:13-19:58
81                android:name="android.support.FILE_PROVIDER_PATHS"
81-->[:react-native-image-crop-picker] AndroidManifest.xml:18:17-67
82                android:resource="@xml/provider_paths" />
82-->[:react-native-image-crop-picker] AndroidManifest.xml:19:17-55
83        </provider>
84
85        <activity
85-->[:react-native-image-crop-picker] AndroidManifest.xml:22:9-24:72
86            android:name="com.yalantis.ucrop.UCropActivity"
86-->[:react-native-image-crop-picker] AndroidManifest.xml:23:13-60
87            android:theme="@style/Theme.AppCompat.Light.NoActionBar" />
87-->[:react-native-image-crop-picker] AndroidManifest.xml:24:13-69
88
89        <provider
89-->[:react-native-image-picker] AndroidManifest.xml:10:9-18:20
90            android:name="com.imagepicker.ImagePickerProvider"
90-->[:react-native-image-picker] AndroidManifest.xml:11:13-63
91            android:authorities="com.whizzard.imagepickerprovider"
91-->[:react-native-image-picker] AndroidManifest.xml:12:13-71
92            android:exported="false"
92-->[:react-native-image-picker] AndroidManifest.xml:13:13-37
93            android:grantUriPermissions="true" >
93-->[:react-native-image-picker] AndroidManifest.xml:14:13-47
94            <meta-data
94-->[:react-native-image-crop-picker] AndroidManifest.xml:17:13-19:58
95                android:name="android.support.FILE_PROVIDER_PATHS"
95-->[:react-native-image-crop-picker] AndroidManifest.xml:18:17-67
96                android:resource="@xml/imagepicker_provider_paths" />
96-->[:react-native-image-crop-picker] AndroidManifest.xml:19:17-55
97        </provider>
98        <provider
98-->[:react-native-webview] AndroidManifest.xml:10:9-18:20
99            android:name="com.reactnativecommunity.webview.RNCWebViewFileProvider"
99-->[:react-native-webview] AndroidManifest.xml:11:13-83
100            android:authorities="com.whizzard.fileprovider"
100-->[:react-native-webview] AndroidManifest.xml:12:13-64
101            android:exported="false"
101-->[:react-native-webview] AndroidManifest.xml:13:13-37
102            android:grantUriPermissions="true" >
102-->[:react-native-webview] AndroidManifest.xml:14:13-47
103            <meta-data
103-->[:react-native-image-crop-picker] AndroidManifest.xml:17:13-19:58
104                android:name="android.support.FILE_PROVIDER_PATHS"
104-->[:react-native-image-crop-picker] AndroidManifest.xml:18:17-67
105                android:resource="@xml/file_provider_paths" />
105-->[:react-native-image-crop-picker] AndroidManifest.xml:19:17-55
106        </provider>
107        <provider
107-->[:rn-fetch-blob] AndroidManifest.xml:34:9-42:20
108            android:name="com.RNFetchBlob.Utils.FileProvider"
108-->[:rn-fetch-blob] AndroidManifest.xml:35:13-62
109            android:authorities="com.whizzard.provider"
109-->[:rn-fetch-blob] AndroidManifest.xml:36:13-60
110            android:exported="false"
110-->[:rn-fetch-blob] AndroidManifest.xml:37:13-37
111            android:grantUriPermissions="true" >
111-->[:rn-fetch-blob] AndroidManifest.xml:38:13-47
112            <meta-data
112-->[:react-native-image-crop-picker] AndroidManifest.xml:17:13-19:58
113                android:name="android.support.FILE_PROVIDER_PATHS"
113-->[:react-native-image-crop-picker] AndroidManifest.xml:18:17-67
114                android:resource="@xml/provider_paths" />
114-->[:react-native-image-crop-picker] AndroidManifest.xml:19:17-55
115        </provider>
116
117        <meta-data
117-->[com.github.bumptech.glide:okhttp3-integration:4.11.0] AndroidManifest.xml:11:9-13:43
118            android:name="com.bumptech.glide.integration.okhttp3.OkHttpGlideModule"
118-->[com.github.bumptech.glide:okhttp3-integration:4.11.0] AndroidManifest.xml:12:13-84
119            android:value="GlideModule" />
119-->[com.github.bumptech.glide:okhttp3-integration:4.11.0] AndroidManifest.xml:13:13-40
120
121        <activity
121-->[com.google.android.gms:play-services-base:18.0.1] AndroidManifest.xml:20:9-22:45
122            android:name="com.google.android.gms.common.api.GoogleApiActivity"
122-->[com.google.android.gms:play-services-base:18.0.1] AndroidManifest.xml:20:19-85
123            android:exported="false"
123-->[com.google.android.gms:play-services-base:18.0.1] AndroidManifest.xml:22:19-43
124            android:theme="@android:style/Theme.Translucent.NoTitleBar" />
124-->[com.google.android.gms:play-services-base:18.0.1] AndroidManifest.xml:21:19-78
125
126        <meta-data
126-->[com.google.android.gms:play-services-basement:18.0.0] AndroidManifest.xml:21:9-23:69
127            android:name="com.google.android.gms.version"
127-->[com.google.android.gms:play-services-basement:18.0.0] AndroidManifest.xml:22:13-58
128            android:value="@integer/google_play_services_version" />
128-->[com.google.android.gms:play-services-basement:18.0.0] AndroidManifest.xml:23:13-66
129    </application>
130
131</manifest>